<?xml version="1.0" encoding="UTF-8"?>
<testsuite name="controllers.NoteAPITest$ListNotes" tests="1" skipped="0" failures="0" errors="0" timestamp="2023-03-20T04:24:50" hostname="LAPTOP-V0RRUT35" time="0.041">
  <properties/>
  <testcase name="listAllNotes returns Notes when ArrayList has notes stored()" classname="controllers.NoteAPITest$ListNotes" time="0.041"/>
  <system-out><![CDATA[]]></system-out>
  <system-err><![CDATA[]]></system-err>
</testsuite>
