<?xml version="1.0" encoding="UTF-8"?>
<testsuite name="controllers.NoteAPITest$AddNotes" tests="2" skipped="0" failures="0" errors="0" timestamp="2023-03-21T05:46:22" hostname="LAPTOP-V0RRUT35" time="0.04">
  <properties/>
  <testcase name="adding a Note to a populated list adds to ArrayList()" classname="controllers.NoteAPITest$AddNotes" time="0.038"/>
  <testcase name="adding a Note to an empty list adds to ArrayList()" classname="controllers.NoteAPITest$AddNotes" time="0.001"/>
  <system-out><![CDATA[]]></system-out>
  <system-err><![CDATA[]]></system-err>
</testsuite>
